\BOOKMARK [1][-]{section.1}{\376\377\000D\000a\000y\000\040\0001\000:\000\040\000L\000i\000n\000k\000e\000d\000\040\000L\000i\000s\000t}{}% 1
\BOOKMARK [2][-]{subsection.1.1}{\376\377\000\040\000S\000i\000n\000g\000l\000y\000\040\000L\000i\000n\000k\000e\000d\000\040\000L\000i\000s\000t\000\040}{section.1}% 2
\BOOKMARK [2][-]{subsection.1.2}{\376\377\000\040\000D\000o\000u\000b\000l\000y\000\040\000L\000i\000n\000k\000e\000d\000\040\000L\000i\000s\000t\000\040}{section.1}% 3
\BOOKMARK [1][-]{section.2}{\376\377\000D\000a\000y\000\040\0002\000:\000\040\000S\000e\000a\000r\000c\000h\000e\000s\000\040\000\046\000\040\000S\000o\000r\000t\000i\000n\000g}{}% 4
\BOOKMARK [2][-]{subsection.2.1}{\376\377\000\040\000L\000i\000n\000e\000a\000r\000\040\000S\000e\000a\000r\000c\000h\000\040}{section.2}% 5
\BOOKMARK [2][-]{subsection.2.2}{\376\377\000\040\000B\000i\000n\000a\000r\000y\000\040\000S\000e\000a\000r\000c\000h\000\040}{section.2}% 6
\BOOKMARK [2][-]{subsection.2.3}{\376\377\000\040\000S\000e\000l\000e\000c\000t\000i\000o\000n\000\040\000S\000o\000r\000t\000\040}{section.2}% 7
\BOOKMARK [2][-]{subsection.2.4}{\376\377\000\040\000M\000e\000r\000g\000e\000\040\000S\000o\000r\000t\000\040}{section.2}% 8
\BOOKMARK [1][-]{section.3}{\376\377\000D\000a\000y\000\040\0003\000:\000\040\000S\000t\000a\000c\000k\000s\000\040\000\046\000\040\000Q\000u\000e\000u\000e\000s}{}% 9
\BOOKMARK [2][-]{subsection.3.1}{\376\377\000\040\000S\000t\000a\000c\000k\000\040}{section.3}% 10
\BOOKMARK [2][-]{subsection.3.2}{\376\377\000\040\000Q\000u\000e\000u\000e\000\040}{section.3}% 11
\BOOKMARK [1][-]{section.4}{\376\377\000D\000a\000y\000\040\0004\000:\000\040\000D\000i\000c\000t\000i\000o\000n\000a\000r\000i\000e\000s}{}% 12
\BOOKMARK [1][-]{section.5}{\376\377\000D\000a\000y\000\040\0005\000:\000\040\000G\000r\000a\000p\000h\000s}{}% 13
\BOOKMARK [2][-]{subsection.5.1}{\376\377\000\040\000G\000r\000a\000p\000h\000\040}{section.5}% 14
\BOOKMARK [2][-]{subsection.5.2}{\376\377\000\040\000D\000i\000r\000e\000c\000t\000e\000d\000\040\000G\000r\000a\000p\000h\000\040}{section.5}% 15
\BOOKMARK [2][-]{subsection.5.3}{\376\377\000\040\000W\000e\000i\000g\000h\000t\000e\000d\000\040\000D\000i\000r\000e\000c\000t\000e\000d\000\040\000G\000r\000a\000p\000h\000\040}{section.5}% 16
\BOOKMARK [1][-]{section.6}{\376\377\000D\000a\000y\000\040\0006\000:\000\040\000G\000r\000a\000p\000h\000\040\000S\000e\000a\000r\000c\000h\000e\000s}{}% 17
\BOOKMARK [2][-]{subsection.6.1}{\376\377\000\040\000D\000e\000p\000t\000h\000-\000F\000i\000r\000s\000t\000\040\000S\000e\000a\000r\000c\000h\000\040}{section.6}% 18
\BOOKMARK [2][-]{subsection.6.2}{\376\377\000\040\000B\000r\000e\000a\000t\000h\000-\000F\000i\000r\000s\000t\000\040\000S\000e\000a\000r\000c\000h\000\040}{section.6}% 19
\BOOKMARK [1][-]{section.7}{\376\377\000D\000a\000y\000\040\0007\000:\000\040\000S\000i\000n\000g\000l\000e\000\040\000S\000o\000u\000r\000c\000e\000\040\000S\000h\000o\000r\000t\000e\000s\000t\000\040\000P\000a\000t\000h}{}% 20
\BOOKMARK [2][-]{subsection.7.1}{\376\377\000\040\000D\000e\000p\000t\000h\000-\000F\000i\000r\000s\000t\000\040\000S\000e\000a\000r\000c\000h\000\040\000M\000e\000t\000h\000o\000d\000\040}{section.7}% 21
\BOOKMARK [2][-]{subsection.7.2}{\376\377\000\040\000D\000j\000i\000k\000s\000t\000r\000a\000'\000s\000\040\000A\000l\000g\000o\000r\000i\000t\000h\000m\000\040}{section.7}% 22
\BOOKMARK [2][-]{subsection.7.3}{\376\377\000\040\000B\000i\000n\000a\000r\000y\000\040\000H\000e\000a\000p\000\040}{section.7}% 23
\BOOKMARK [1][-]{section.8}{\376\377\000D\000a\000y\000\040\0008\000:\000\040\000M\000i\000n\000i\000m\000u\000m\000\040\000S\000p\000a\000n\000n\000i\000n\000g\000\040\000T\000r\000e\000e\000s}{}% 24
\BOOKMARK [2][-]{subsection.8.1}{\376\377\000\040\000U\000n\000i\000o\000n\000-\000F\000i\000n\000d\000:\000\040\000Q\000u\000i\000c\000k\000-\000F\000i\000n\000d\000\040\000V\000e\000r\000s\000i\000o\000n\000\040}{section.8}% 25
\BOOKMARK [2][-]{subsection.8.2}{\376\377\000\040\000U\000n\000i\000o\000n\000-\000F\000I\000n\000d\000:\000\040\000W\000e\000i\000g\000h\000t\000e\000d\000\040\000Q\000u\000i\000c\000k\000-\000U\000n\000i\000o\000n\000\040\000V\000e\000r\000s\000i\000o\000n\000\040}{section.8}% 26
\BOOKMARK [2][-]{subsection.8.3}{\376\377\000\040\000U\000n\000i\000o\000n\000-\000F\000i\000n\000d\000:\000\040\000W\000e\000i\000g\000h\000t\000e\000d\000\040\000Q\000u\000i\000c\000k\000-\000U\000n\000i\000o\000n\000\040\000+\000\040\000P\000a\000t\000h\000\040\000C\000o\000m\000p\000r\000e\000s\000s\000i\000o\000n\000\040}{section.8}% 27
\BOOKMARK [1][-]{section.9}{\376\377\000D\000a\000y\000\040\0009\000:\000\040\000B\000i\000n\000a\000r\000y\000\040\000S\000e\000a\000r\000c\000h\000\040\000T\000r\000e\000e\000s}{}% 28
\BOOKMARK [2][-]{subsection.9.1}{\376\377\000\040\000B\000i\000n\000a\000r\000y\000\040\000S\000e\000a\000r\000c\000h\000\040\000T\000r\000e\000e\000\040}{section.9}% 29
\BOOKMARK [2][-]{subsection.9.2}{\376\377\000\040\000A\000V\000L\000\040\000T\000r\000e\000e\000s\000:\000\040\000S\000e\000l\000f\000-\000B\000a\000l\000a\000n\000c\000i\000n\000g\000\040\000B\000i\000n\000a\000r\000y\000\040\000T\000r\000e\000e\000\040}{section.9}% 30
\BOOKMARK [1][-]{section.10}{\376\377\000R\000e\000f\000e\000r\000e\000n\000c\000e\000s}{}% 31
